<?xml version="1.0" encoding="UTF-8"?>
<testsuite xmlns:xsi="http://www.w3.org/2001/XMLSchema-instance" xsi:noNamespaceSchemaLocation="https://maven.apache.org/surefire/maven-surefire-plugin/xsd/surefire-test-report-3.0.xsd" version="3.0" name="com.crudproject.crud.CrudApplicationTests" time="2.075" tests="1" errors="0" skipped="0" failures="0">
  <properties>
[...]
</properties>
  <testcase name="contextLoads" classname="com.crudproject.crud.CrudApplicationTests" time="0.306">
    <system-out><![CDATA[21:24:46.854 [main] INFO org.springframework.test.context.support.AnnotationConfigContextLoaderUtils -- Could not detect default configuration classes for test class [com.crudproject.crud.CrudApplicationTests]: CrudApplicationTests does not declare any static, non-private, non-final, nested classes annotated with @Configuration.
21:24:46.900 [main] INFO org.springframework.boot.test.context.SpringBootTestContextBootstrapper -- Found @SpringBootConfiguration com.crudproject.crud.CrudApplication for test class com.crudproject.crud.CrudApplicationTests
default THREAD FACTORY

  .   ____          _            __ _ _
 /\\ / ___'_ __ _ _(_)_ __  __ _ \ \ \ \
( ( )\___ | '_ | '_| | '_ \/ _` | \ \ \ \
 \\/  ___)| |_)| | | | | || (_| |  ) ) ) )
  '  |____| .__|_| |_|_| |_\__, | / / / /
 =========|_|==============|___/=/_/_/_/
 :: Spring Boot ::                (v3.2.4)

2024-03-31T21:24:47.070-06:00  INFO 5654 --- [crud] [           main] c.crudproject.crud.CrudApplicationTests  : Starting CrudApplicationTests using Java 17.0.6 with PID 5654 (started by paloit2023 in /Users/paloit2023/Documents/Repositories/Playa/pruebas/test-repository)
2024-03-31T21:24:47.071-06:00  INFO 5654 --- [crud] [           main] c.crudproject.crud.CrudApplicationTests  : No active profile set, falling back to 1 default profile: "default"
2024-03-31T21:24:47.347-06:00  INFO 5654 --- [crud] [           main] .s.d.r.c.RepositoryConfigurationDelegate : Bootstrapping Spring Data JPA repositories in DEFAULT mode.
2024-03-31T21:24:47.369-06:00  INFO 5654 --- [crud] [           main] .s.d.r.c.RepositoryConfigurationDelegate : Finished Spring Data repository scanning in 18 ms. Found 1 JPA repository interface.
2024-03-31T21:24:47.551-06:00  INFO 5654 --- [crud] [           main] com.zaxxer.hikari.HikariDataSource       : HikariPool-1 - Starting...
2024-03-31T21:24:47.643-06:00  INFO 5654 --- [crud] [           main] com.zaxxer.hikari.pool.HikariPool        : HikariPool-1 - Added connection conn0: url=jdbc:h2:mem:testdb user=SA
2024-03-31T21:24:47.644-06:00  INFO 5654 --- [crud] [           main] com.zaxxer.hikari.HikariDataSource       : HikariPool-1 - Start completed.
2024-03-31T21:24:47.666-06:00  INFO 5654 --- [crud] [           main] o.hibernate.jpa.internal.util.LogHelper  : HHH000204: Processing PersistenceUnitInfo [name: default]
2024-03-31T21:24:47.694-06:00  INFO 5654 --- [crud] [           main] org.hibernate.Version                    : HHH000412: Hibernate ORM core version 6.4.4.Final
2024-03-31T21:24:47.709-06:00  INFO 5654 --- [crud] [           main] o.h.c.internal.RegionFactoryInitiator    : HHH000026: Second-level cache disabled
2024-03-31T21:24:47.818-06:00  INFO 5654 --- [crud] [           main] o.s.o.j.p.SpringPersistenceUnitInfo      : No LoadTimeWeaver setup: ignoring JPA class transformer
2024-03-31T21:24:47.843-06:00  WARN 5654 --- [crud] [           main] org.hibernate.orm.deprecation            : HHH90000025: H2Dialect does not need to be specified explicitly using 'hibernate.dialect' (remove the property setting and it will be selected by default)
2024-03-31T21:24:48.192-06:00  INFO 5654 --- [crud] [           main] o.h.e.t.j.p.i.JtaPlatformInitiator       : HHH000489: No JTA platform available (set 'hibernate.transaction.jta.platform' to enable JTA platform integration)
2024-03-31T21:24:48.207-06:00  INFO 5654 --- [crud] [           main] j.LocalContainerEntityManagerFactoryBean : Initialized JPA EntityManagerFactory for persistence unit 'default'
2024-03-31T21:24:48.369-06:00  WARN 5654 --- [crud] [           main] JpaBaseConfiguration$JpaWebConfiguration : spring.jpa.open-in-view is enabled by default. Therefore, database queries may be performed during view rendering. Explicitly configure spring.jpa.open-in-view to disable this warning
2024-03-31T21:24:48.534-06:00  INFO 5654 --- [crud] [           main] c.crudproject.crud.CrudApplicationTests  : Started CrudApplicationTests in 1.572 seconds (process running for 1.976)
]]></system-out>
  </testcase>
</testsuite>